<?xml version="1.0" encoding="UTF-8"?>
<!-- Generated by org.testng.reporters.JUnitXMLReporter -->
<testsuite ignored="2" hostname="PNQ1-LHP-N91337" failures="2" tests="2" name="Smoke Tests" time="0.103" errors="0" timestamp="2025-03-26T15:53:29 IST">
  <testcase classname="deepakjagtap.appium.TestCases" name="VerifyUserCanDoWifiSettingAndEnterInput" time="0.038">
    <failure type="java.lang.NullPointerException" message="Cannot invoke &amp;quot;io.appium.java_client.android.AndroidDriver.findElement(org.openqa.selenium.By)&amp;quot; because &amp;quot;this.driver&amp;quot; is null">
      <![CDATA[java.lang.NullPointerException: Cannot invoke "io.appium.java_client.android.AndroidDriver.findElement(org.openqa.selenium.By)" because "this.driver" is null
at deepakjagtap.appium.TestCases.VerifyUserCanDoWifiSettingAndEnterInput(TestCases.java:21)
at java.base/java.util.ArrayList.forEach(ArrayList.java:1596)
... Removed 25 stack frames]]>
    </failure>
  </testcase> <!-- VerifyUserCanDoWifiSettingAndEnterInput -->
  <testcase classname="deepakjagtap.appium.TestCases" name="verifyUserCan_ScrollToDesiredText_WithGooglePlugin" time="0.002">
    <failure type="java.lang.NullPointerException" message="Cannot invoke &amp;quot;io.appium.java_client.android.AndroidDriver.findElement(org.openqa.selenium.By)&amp;quot; because &amp;quot;this.driver&amp;quot; is null">
      <![CDATA[java.lang.NullPointerException: Cannot invoke "io.appium.java_client.android.AndroidDriver.findElement(org.openqa.selenium.By)" because "this.driver" is null
at deepakjagtap.appium.TestCases.verifyUserCan_ScrollToDesiredText_WithGooglePlugin(TestCases.java:50)
at java.base/java.util.ArrayList.forEach(ArrayList.java:1596)
... Removed 25 stack frames]]>
    </failure>
  </testcase> <!-- verifyUserCan_ScrollToDesiredText_WithGooglePlugin -->
  <testcase classname="deepakjagtap.appium.TestCases" name="longPress_Gesture" time="0.0">
    <ignored/>
  </testcase> <!-- longPress_Gesture -->
  <testcase classname="deepakjagtap.appium.TestCases" name="verifyUserCan_ScrollToEnd_WithJSExcecutor" time="0.0">
    <ignored/>
  </testcase> <!-- verifyUserCan_ScrollToEnd_WithJSExcecutor -->
</testsuite> <!-- Smoke Tests -->
