<?xml version="1.0" encoding="UTF-8"?>
<testng-results ignored="3" total="6" passed="0" failed="3" skipped="0">
  <reporter-output>
  </reporter-output>
  <suite started-at="2025-03-29T21:57:46 IST" name="Suite" finished-at="2025-03-29T21:57:46 IST" duration-ms="77">
    <groups>
      <group name="smoke">
        <method signature="eCommerce_Native_And_Hybrid_APP.verifyUserCanFillFormAndSucessfullyNavigateToHomePage_TC_001()[pri:1, instance:deepakjagtap.appium.eCommerce_Native_And_Hybrid_APP@51399530]" name="verifyUserCanFillFormAndSucessfullyNavigateToHomePage_TC_001" class="deepakjagtap.appium.eCommerce_Native_And_Hybrid_APP"/>
        <method signature="eCommerce_Native_And_Hybrid_APP.verifyToastMessagesForErrorValidation_TC_002()[pri:2, instance:deepakjagtap.appium.eCommerce_Native_And_Hybrid_APP@51399530]" name="verifyToastMessagesForErrorValidation_TC_002" class="deepakjagtap.appium.eCommerce_Native_And_Hybrid_APP"/>
        <method signature="eCommerce_Native_And_Hybrid_APP.verifyUserCanAddProductInCartWithWebDriverWait_TC_004()[pri:3, instance:deepakjagtap.appium.eCommerce_Native_And_Hybrid_APP@51399530]" name="verifyUserCanAddProductInCartWithWebDriverWait_TC_004" class="deepakjagtap.appium.eCommerce_Native_And_Hybrid_APP"/>
      </group> <!-- smoke -->
    </groups>
    <test started-at="2025-03-29T21:57:46 IST" name="tests" finished-at="2025-03-29T21:57:46 IST" duration-ms="77">
      <class name="deepakjagtap.appium.eCommerce_Native_And_Hybrid_APP">
        <test-method signature="verifyUserCanFillFormAndSucessfullyNavigateToHomePage_TC_001()[pri:1, instance:deepakjagtap.appium.eCommerce_Native_And_Hybrid_APP@51399530]" started-at="2025-03-29T21:57:46 IST" name="verifyUserCanFillFormAndSucessfullyNavigateToHomePage_TC_001" finished-at="2025-03-29T21:57:46 IST" duration-ms="21" status="FAIL">
          <exception class="java.lang.NullPointerException">
            <message>
              <![CDATA[Cannot invoke "io.appium.java_client.android.AndroidDriver.findElement(org.openqa.selenium.By)" because "this.driver" is null]]>
            </message>
            <full-stacktrace>
              <![CDATA[java.lang.NullPointerException: Cannot invoke "io.appium.java_client.android.AndroidDriver.findElement(org.openqa.selenium.By)" because "this.driver" is null
at deepakjagtap.appium.eCommerce_Native_And_Hybrid_APP.verifyUserCanFillFormAndSucessfullyNavigateToHomePage_TC_001(eCommerce_Native_And_Hybrid_APP.java:22)
at java.base/jdk.internal.reflect.DirectMethodHandleAccessor.invoke(DirectMethodHandleAccessor.java:103)
at java.base/java.lang.reflect.Method.invoke(Method.java:580)
at org.testng.internal.invokers.MethodInvocationHelper.invokeMethod(MethodInvocationHelper.java:141)
at org.testng.internal.invokers.TestInvoker.invokeMethod(TestInvoker.java:687)
at org.testng.internal.invokers.TestInvoker.invokeTestMethod(TestInvoker.java:230)
at org.testng.internal.invokers.MethodRunner.runInSequence(MethodRunner.java:63)
at org.testng.internal.invokers.TestInvoker$MethodInvocationAgent.invoke(TestInvoker.java:995)
at org.testng.internal.invokers.TestInvoker.invokeTestMethods(TestInvoker.java:203)
at org.testng.internal.invokers.TestMethodWorker.invokeTestMethods(TestMethodWorker.java:154)
at org.testng.internal.invokers.TestMethodWorker.run(TestMethodWorker.java:134)
at java.base/java.util.ArrayList.forEach(ArrayList.java:1596)
at org.testng.TestRunner.privateRun(TestRunner.java:741)
at org.testng.TestRunner.run(TestRunner.java:616)
at org.testng.SuiteRunner.runTest(SuiteRunner.java:421)
at org.testng.SuiteRunner.runSequentially(SuiteRunner.java:413)
at org.testng.SuiteRunner.privateRun(SuiteRunner.java:373)
at org.testng.SuiteRunner.run(SuiteRunner.java:312)
at org.testng.SuiteRunnerWorker.runSuite(SuiteRunnerWorker.java:52)
at org.testng.SuiteRunnerWorker.run(SuiteRunnerWorker.java:95)
at org.testng.TestNG.runSuitesSequentially(TestNG.java:1274)
at org.testng.TestNG.runSuitesLocally(TestNG.java:1208)
at org.testng.TestNG.runSuites(TestNG.java:1112)
at org.testng.TestNG.run(TestNG.java:1079)
at org.testng.remote.AbstractRemoteTestNG.run(AbstractRemoteTestNG.java:115)
at org.testng.remote.RemoteTestNG.initAndRun(RemoteTestNG.java:293)
at org.testng.remote.RemoteTestNG.main(RemoteTestNG.java:91)
]]>
            </full-stacktrace>
          </exception> <!-- java.lang.NullPointerException -->
          <reporter-output>
          </reporter-output>
        </test-method> <!-- verifyUserCanFillFormAndSucessfullyNavigateToHomePage_TC_001 -->
        <test-method signature="verifyToastMessagesForErrorValidation_TC_002()[pri:2, instance:deepakjagtap.appium.eCommerce_Native_And_Hybrid_APP@51399530]" started-at="2025-03-29T21:57:46 IST" name="verifyToastMessagesForErrorValidation_TC_002" finished-at="2025-03-29T21:57:46 IST" duration-ms="2" status="FAIL">
          <exception class="java.lang.NullPointerException">
            <message>
              <![CDATA[Cannot invoke "io.appium.java_client.android.AndroidDriver.findElement(org.openqa.selenium.By)" because "this.driver" is null]]>
            </message>
            <full-stacktrace>
              <![CDATA[java.lang.NullPointerException: Cannot invoke "io.appium.java_client.android.AndroidDriver.findElement(org.openqa.selenium.By)" because "this.driver" is null
at deepakjagtap.appium.eCommerce_Native_And_Hybrid_APP.verifyToastMessagesForErrorValidation_TC_002(eCommerce_Native_And_Hybrid_APP.java:38)
at java.base/jdk.internal.reflect.DirectMethodHandleAccessor.invoke(DirectMethodHandleAccessor.java:103)
at java.base/java.lang.reflect.Method.invoke(Method.java:580)
at org.testng.internal.invokers.MethodInvocationHelper.invokeMethod(MethodInvocationHelper.java:141)
at org.testng.internal.invokers.TestInvoker.invokeMethod(TestInvoker.java:687)
at org.testng.internal.invokers.TestInvoker.invokeTestMethod(TestInvoker.java:230)
at org.testng.internal.invokers.MethodRunner.runInSequence(MethodRunner.java:63)
at org.testng.internal.invokers.TestInvoker$MethodInvocationAgent.invoke(TestInvoker.java:995)
at org.testng.internal.invokers.TestInvoker.invokeTestMethods(TestInvoker.java:203)
at org.testng.internal.invokers.TestMethodWorker.invokeTestMethods(TestMethodWorker.java:154)
at org.testng.internal.invokers.TestMethodWorker.run(TestMethodWorker.java:134)
at java.base/java.util.ArrayList.forEach(ArrayList.java:1596)
at org.testng.TestRunner.privateRun(TestRunner.java:741)
at org.testng.TestRunner.run(TestRunner.java:616)
at org.testng.SuiteRunner.runTest(SuiteRunner.java:421)
at org.testng.SuiteRunner.runSequentially(SuiteRunner.java:413)
at org.testng.SuiteRunner.privateRun(SuiteRunner.java:373)
at org.testng.SuiteRunner.run(SuiteRunner.java:312)
at org.testng.SuiteRunnerWorker.runSuite(SuiteRunnerWorker.java:52)
at org.testng.SuiteRunnerWorker.run(SuiteRunnerWorker.java:95)
at org.testng.TestNG.runSuitesSequentially(TestNG.java:1274)
at org.testng.TestNG.runSuitesLocally(TestNG.java:1208)
at org.testng.TestNG.runSuites(TestNG.java:1112)
at org.testng.TestNG.run(TestNG.java:1079)
at org.testng.remote.AbstractRemoteTestNG.run(AbstractRemoteTestNG.java:115)
at org.testng.remote.RemoteTestNG.initAndRun(RemoteTestNG.java:293)
at org.testng.remote.RemoteTestNG.main(RemoteTestNG.java:91)
]]>
            </full-stacktrace>
          </exception> <!-- java.lang.NullPointerException -->
          <reporter-output>
          </reporter-output>
        </test-method> <!-- verifyToastMessagesForErrorValidation_TC_002 -->
        <test-method signature="verifyUserCanAddProductInCartWithWebDriverWait_TC_004()[pri:3, instance:deepakjagtap.appium.eCommerce_Native_And_Hybrid_APP@51399530]" started-at="2025-03-29T21:57:46 IST" name="verifyUserCanAddProductInCartWithWebDriverWait_TC_004" finished-at="2025-03-29T21:57:46 IST" duration-ms="0" status="FAIL">
          <exception class="java.lang.NullPointerException">
            <message>
              <![CDATA[Cannot invoke "io.appium.java_client.android.AndroidDriver.findElement(org.openqa.selenium.By)" because "this.driver" is null]]>
            </message>
            <full-stacktrace>
              <![CDATA[java.lang.NullPointerException: Cannot invoke "io.appium.java_client.android.AndroidDriver.findElement(org.openqa.selenium.By)" because "this.driver" is null
at deepakjagtap.appium.BaseTest.fillForm(BaseTest.java:105)
at deepakjagtap.appium.eCommerce_Native_And_Hybrid_APP.verifyUserCanAddProductInCartWithWebDriverWait_TC_004(eCommerce_Native_And_Hybrid_APP.java:82)
at java.base/jdk.internal.reflect.DirectMethodHandleAccessor.invoke(DirectMethodHandleAccessor.java:103)
at java.base/java.lang.reflect.Method.invoke(Method.java:580)
at org.testng.internal.invokers.MethodInvocationHelper.invokeMethod(MethodInvocationHelper.java:141)
at org.testng.internal.invokers.TestInvoker.invokeMethod(TestInvoker.java:687)
at org.testng.internal.invokers.TestInvoker.invokeTestMethod(TestInvoker.java:230)
at org.testng.internal.invokers.MethodRunner.runInSequence(MethodRunner.java:63)
at org.testng.internal.invokers.TestInvoker$MethodInvocationAgent.invoke(TestInvoker.java:995)
at org.testng.internal.invokers.TestInvoker.invokeTestMethods(TestInvoker.java:203)
at org.testng.internal.invokers.TestMethodWorker.invokeTestMethods(TestMethodWorker.java:154)
at org.testng.internal.invokers.TestMethodWorker.run(TestMethodWorker.java:134)
at java.base/java.util.ArrayList.forEach(ArrayList.java:1596)
at org.testng.TestRunner.privateRun(TestRunner.java:741)
at org.testng.TestRunner.run(TestRunner.java:616)
at org.testng.SuiteRunner.runTest(SuiteRunner.java:421)
at org.testng.SuiteRunner.runSequentially(SuiteRunner.java:413)
at org.testng.SuiteRunner.privateRun(SuiteRunner.java:373)
at org.testng.SuiteRunner.run(SuiteRunner.java:312)
at org.testng.SuiteRunnerWorker.runSuite(SuiteRunnerWorker.java:52)
at org.testng.SuiteRunnerWorker.run(SuiteRunnerWorker.java:95)
at org.testng.TestNG.runSuitesSequentially(TestNG.java:1274)
at org.testng.TestNG.runSuitesLocally(TestNG.java:1208)
at org.testng.TestNG.runSuites(TestNG.java:1112)
at org.testng.TestNG.run(TestNG.java:1079)
at org.testng.remote.AbstractRemoteTestNG.run(AbstractRemoteTestNG.java:115)
at org.testng.remote.RemoteTestNG.initAndRun(RemoteTestNG.java:293)
at org.testng.remote.RemoteTestNG.main(RemoteTestNG.java:91)
]]>
            </full-stacktrace>
          </exception> <!-- java.lang.NullPointerException -->
          <reporter-output>
          </reporter-output>
        </test-method> <!-- verifyUserCanAddProductInCartWithWebDriverWait_TC_004 -->
      </class> <!-- deepakjagtap.appium.eCommerce_Native_And_Hybrid_APP -->
    </test> <!-- tests -->
  </suite> <!-- Suite -->
</testng-results>
