<?xml version="1.0" encoding="UTF-8"?>
<!-- Generated by org.testng.reporters.JUnitXMLReporter -->
<testsuite ignored="3" hostname="PNQ1-LHP-N91337" failures="3" tests="3" name="tests" time="0.077" errors="0" timestamp="2025-03-29T21:57:46 IST">
  <testcase classname="deepakjagtap.appium.eCommerce_Native_And_Hybrid_APP" name="verifyUserCanFillFormAndSucessfullyNavigateToHomePage_TC_001" time="0.021">
    <failure type="java.lang.NullPointerException" message="Cannot invoke &amp;quot;io.appium.java_client.android.AndroidDriver.findElement(org.openqa.selenium.By)&amp;quot; because &amp;quot;this.driver&amp;quot; is null">
      <![CDATA[java.lang.NullPointerException: Cannot invoke "io.appium.java_client.android.AndroidDriver.findElement(org.openqa.selenium.By)" because "this.driver" is null
at deepakjagtap.appium.eCommerce_Native_And_Hybrid_APP.verifyUserCanFillFormAndSucessfullyNavigateToHomePage_TC_001(eCommerce_Native_And_Hybrid_APP.java:22)
at java.base/java.util.ArrayList.forEach(ArrayList.java:1596)
... Removed 25 stack frames]]>
    </failure>
  </testcase> <!-- verifyUserCanFillFormAndSucessfullyNavigateToHomePage_TC_001 -->
  <testcase classname="deepakjagtap.appium.eCommerce_Native_And_Hybrid_APP" name="verifyToastMessagesForErrorValidation_TC_002" time="0.002">
    <failure type="java.lang.NullPointerException" message="Cannot invoke &amp;quot;io.appium.java_client.android.AndroidDriver.findElement(org.openqa.selenium.By)&amp;quot; because &amp;quot;this.driver&amp;quot; is null">
      <![CDATA[java.lang.NullPointerException: Cannot invoke "io.appium.java_client.android.AndroidDriver.findElement(org.openqa.selenium.By)" because "this.driver" is null
at deepakjagtap.appium.eCommerce_Native_And_Hybrid_APP.verifyToastMessagesForErrorValidation_TC_002(eCommerce_Native_And_Hybrid_APP.java:38)
at java.base/java.util.ArrayList.forEach(ArrayList.java:1596)
... Removed 25 stack frames]]>
    </failure>
  </testcase> <!-- verifyToastMessagesForErrorValidation_TC_002 -->
  <testcase classname="deepakjagtap.appium.eCommerce_Native_And_Hybrid_APP" name="verifyUserCanAddProductInCartWithWebDriverWait_TC_004" time="0.0">
    <failure type="java.lang.NullPointerException" message="Cannot invoke &amp;quot;io.appium.java_client.android.AndroidDriver.findElement(org.openqa.selenium.By)&amp;quot; because &amp;quot;this.driver&amp;quot; is null">
      <![CDATA[java.lang.NullPointerException: Cannot invoke "io.appium.java_client.android.AndroidDriver.findElement(org.openqa.selenium.By)" because "this.driver" is null
at deepakjagtap.appium.BaseTest.fillForm(BaseTest.java:105)
at deepakjagtap.appium.eCommerce_Native_And_Hybrid_APP.verifyUserCanAddProductInCartWithWebDriverWait_TC_004(eCommerce_Native_And_Hybrid_APP.java:82)
at java.base/java.util.ArrayList.forEach(ArrayList.java:1596)
... Removed 25 stack frames]]>
    </failure>
  </testcase> <!-- verifyUserCanAddProductInCartWithWebDriverWait_TC_004 -->
  <testcase classname="deepakjagtap.appium.eCommerce_Native_And_Hybrid_APP" name="verifyUserCanAddProductInCart_TC_003" time="0.0">
    <ignored/>
  </testcase> <!-- verifyUserCanAddProductInCart_TC_003 -->
  <testcase classname="deepakjagtap.appium.eCommerce_Native_And_Hybrid_APP" name="verifyUserCanHandleNativeAsWellWebApp_HybdridApp" time="0.0">
    <ignored/>
  </testcase> <!-- verifyUserCanHandleNativeAsWellWebApp_HybdridApp -->
  <testcase classname="deepakjagtap.appium.eCommerce_Native_And_Hybrid_APP" name="verifyUserCanAddMultipleItemsInCartAndCheckTotalOfAllCartItemsPriceAndMakeOrder_TC_005" time="0.0">
    <ignored/>
  </testcase> <!-- verifyUserCanAddMultipleItemsInCartAndCheckTotalOfAllCartItemsPriceAndMakeOrder_TC_005 -->
</testsuite> <!-- tests -->
