<?xml version="1.0" encoding="UTF-8"?>
<!-- Generated by org.testng.reporters.JUnitXMLReporter -->
<testsuite ignored="0" hostname="PNQ1-LHP-N91337" failures="1" tests="3" name="Test" time="68.693" errors="0" timestamp="2025-03-29T22:48:38 IST">
  <testcase classname="org.deepakjagtap.eComm_SmokeTestCases" name="verifyToastMessagesForErrorValidation_TC_002" time="4.509"/>
  <testcase classname="org.deepakjagtap.eComm_SmokeTestCases" name="verifyUserCanAddProductInCart_TC_003" time="30.097">
    <failure type="org.openqa.selenium.NoSuchElementException" message="An element could not be located on the page using the given search parameters.
For documentation on this error, please visit: https://www.selenium.dev/documentation/webdriver/troubleshooting/errors#no-such-element-exception
Build info: version: &amp;apos;4.30.0&amp;apos;, revision: &amp;apos;509c7f17cc*&amp;apos;
System info: os.name: &amp;apos;Windows 11&amp;apos;, os.arch: &amp;apos;amd64&amp;apos;, os.version: &amp;apos;10.0&amp;apos;, java.version: &amp;apos;21.0.5&amp;apos;
Driver info: io.appium.java_client.android.AndroidDriver
Command: [14250cea-bf0d-49ae-95a9-e27a010742cc, findElement {using=xpath, value=//android.widget.TextView[@text=&amp;apos;Jordan 6 Rings&amp;apos;]}]
Capabilities {appium:app: C://Users//deepak.jagtap//e..., appium:appActivity: com.androidsample.generalst..., appium:appPackage: com.androidsample.generalstore, appium:automationName: UIAutomator2, appium:chromedriverExecutable: C://Users//deepak.jagtap//D..., appium:databaseEnabled: false, appium:desired: {app: C://Users//deepak.jagtap//e..., automationName: UIAutomator2, chromedriverExecutable: C://Users//deepak.jagtap//D..., deviceName: Pixel 3a, platformName: ANDROID}, appium:deviceApiLevel: 36, appium:deviceManufacturer: Google, appium:deviceModel: sdk_gphone64_x86_64, appium:deviceName: emulator-5554, appium:deviceScreenDensity: 440, appium:deviceScreenSize: 1080x2220, appium:deviceUDID: emulator-5554, appium:javascriptEnabled: true, appium:locationContextEnabled: false, appium:networkConnectionEnabled: true, appium:pixelRatio: 2.75, appium:platformVersion: 16, appium:statBarHeight: 66, appium:takesScreenshot: true, appium:viewportRect: {height: 2154, left: 0, top: 66, width: 1080}, appium:warnings: {}, appium:webStorageEnabled: false, platformName: ANDROID}
Session ID: 14250cea-bf0d-49ae-95a9-e27a010742cc">
      <![CDATA[org.openqa.selenium.NoSuchElementException: An element could not be located on the page using the given search parameters.
For documentation on this error, please visit: https://www.selenium.dev/documentation/webdriver/troubleshooting/errors#no-such-element-exception
Build info: version: '4.30.0', revision: '509c7f17cc*'
System info: os.name: 'Windows 11', os.arch: 'amd64', os.version: '10.0', java.version: '21.0.5'
Driver info: io.appium.java_client.android.AndroidDriver
Command: [14250cea-bf0d-49ae-95a9-e27a010742cc, findElement {using=xpath, value=//android.widget.TextView[@text='Jordan 6 Rings']}]
Capabilities {appium:app: C://Users//deepak.jagtap//e..., appium:appActivity: com.androidsample.generalst..., appium:appPackage: com.androidsample.generalstore, appium:automationName: UIAutomator2, appium:chromedriverExecutable: C://Users//deepak.jagtap//D..., appium:databaseEnabled: false, appium:desired: {app: C://Users//deepak.jagtap//e..., automationName: UIAutomator2, chromedriverExecutable: C://Users//deepak.jagtap//D..., deviceName: Pixel 3a, platformName: ANDROID}, appium:deviceApiLevel: 36, appium:deviceManufacturer: Google, appium:deviceModel: sdk_gphone64_x86_64, appium:deviceName: emulator-5554, appium:deviceScreenDensity: 440, appium:deviceScreenSize: 1080x2220, appium:deviceUDID: emulator-5554, appium:javascriptEnabled: true, appium:locationContextEnabled: false, appium:networkConnectionEnabled: true, appium:pixelRatio: 2.75, appium:platformVersion: 16, appium:statBarHeight: 66, appium:takesScreenshot: true, appium:viewportRect: {height: 2154, left: 0, top: 66, width: 1080}, appium:warnings: {}, appium:webStorageEnabled: false, platformName: ANDROID}
Session ID: 14250cea-bf0d-49ae-95a9-e27a010742cc
at org.openqa.selenium.remote.ErrorCodec.decode(ErrorCodec.java:167)
at org.openqa.selenium.remote.codec.w3c.W3CHttpResponseCodec.decode(W3CHttpResponseCodec.java:138)
at org.openqa.selenium.remote.codec.w3c.W3CHttpResponseCodec.decode(W3CHttpResponseCodec.java:50)
at org.openqa.selenium.remote.HttpCommandExecutor.execute(HttpCommandExecutor.java:215)
at io.appium.java_client.remote.AppiumCommandExecutor.execute(AppiumCommandExecutor.java:243)
at org.openqa.selenium.remote.RemoteWebDriver.execute(RemoteWebDriver.java:545)
at org.openqa.selenium.remote.ElementLocation$ElementFinder$2.findElement(ElementLocation.java:165)
at org.openqa.selenium.remote.ElementLocation.findElement(ElementLocation.java:59)
at org.openqa.selenium.remote.RemoteWebDriver.findElement(RemoteWebDriver.java:368)
at org.openqa.selenium.remote.RemoteWebDriver.findElement(RemoteWebDriver.java:362)
at org.deepakjagtap.eComm_SmokeTestCases.verifyUserCanAddProductInCart_TC_003(eComm_SmokeTestCases.java:70)
at java.base/java.util.ArrayList.forEach(ArrayList.java:1596)
... Removed 32 stack frames]]>
    </failure>
  </testcase> <!-- verifyUserCanAddProductInCart_TC_003 -->
  <testcase classname="org.deepakjagtap.eComm_SmokeTestCases" name="verifyUserCanFillFormAndSucessfullyNavigateToHomePage_TC_001" time="13.178"/>
</testsuite> <!-- Test -->
